Started GET "/" for 127.0.0.1 at 2017-11-14 13:50:15 -0800
  [1m[35m (0.0ms)[0m  [1m[34mSELECT "schema_migrations"."version" FROM "schema_migrations" ORDER BY "schema_migrations"."version" ASC[0m
Processing by HomeController#index as HTML
  Rendering home/index.html.erb within layouts/application
  Rendered home/index.html.erb within layouts/application (8.7ms)
Completed 200 OK in 576ms (Views: 545.2ms | ActiveRecord: 0.0ms)


Started GET "/pets/new" for 127.0.0.1 at 2017-11-14 13:50:33 -0800
Processing by PetsController#new as HTML
  Rendering pets/new.html.erb within layouts/application
  Rendered pets/new.html.erb within layouts/application (135.9ms)
Completed 200 OK in 256ms (Views: 238.8ms | ActiveRecord: 0.0ms)


Started GET "/pets/new" for 127.0.0.1 at 2017-11-14 13:56:27 -0800
  [1m[35m (0.5ms)[0m  [1m[34mSELECT "schema_migrations"."version" FROM "schema_migrations" ORDER BY "schema_migrations"."version" ASC[0m
  
ActiveRecord::PendingMigrationError (

Migrations are pending. To resolve this issue, run:

        bin/rails db:migrate RAILS_ENV=development

):
  
activerecord (5.1.4) lib/active_record/migration.rb:576:in `check_pending!'
activerecord (5.1.4) lib/active_record/migration.rb:553:in `call'
actionpack (5.1.4) lib/action_dispatch/middleware/callbacks.rb:26:in `block in call'
activesupport (5.1.4) lib/active_support/callbacks.rb:97:in `run_callbacks'
actionpack (5.1.4) lib/action_dispatch/middleware/callbacks.rb:24:in `call'
actionpack (5.1.4) lib/action_dispatch/middleware/executor.rb:12:in `call'
actionpack (5.1.4) lib/action_dispatch/middleware/debug_exceptions.rb:59:in `call'
web-console (3.5.1) lib/web_console/middleware.rb:135:in `call_app'
web-console (3.5.1) lib/web_console/middleware.rb:28:in `block in call'
web-console (3.5.1) lib/web_console/middleware.rb:18:in `catch'
web-console (3.5.1) lib/web_console/middleware.rb:18:in `call'
actionpack (5.1.4) lib/action_dispatch/middleware/show_exceptions.rb:31:in `call'
railties (5.1.4) lib/rails/rack/logger.rb:36:in `call_app'
railties (5.1.4) lib/rails/rack/logger.rb:24:in `block in call'
activesupport (5.1.4) lib/active_support/tagged_logging.rb:69:in `block in tagged'
activesupport (5.1.4) lib/active_support/tagged_logging.rb:26:in `tagged'
activesupport (5.1.4) lib/active_support/tagged_logging.rb:69:in `tagged'
railties (5.1.4) lib/rails/rack/logger.rb:24:in `call'
sprockets-rails (3.2.1) lib/sprockets/rails/quiet_assets.rb:13:in `call'
actionpack (5.1.4) lib/action_dispatch/middleware/remote_ip.rb:79:in `call'
actionpack (5.1.4) lib/action_dispatch/middleware/request_id.rb:25:in `call'
rack (2.0.3) lib/rack/method_override.rb:22:in `call'
rack (2.0.3) lib/rack/runtime.rb:22:in `call'
activesupport (5.1.4) lib/active_support/cache/strategy/local_cache_middleware.rb:27:in `call'
actionpack (5.1.4) lib/action_dispatch/middleware/executor.rb:12:in `call'
actionpack (5.1.4) lib/action_dispatch/middleware/static.rb:125:in `call'
rack (2.0.3) lib/rack/sendfile.rb:111:in `call'
railties (5.1.4) lib/rails/engine.rb:522:in `call'
puma (3.10.0) lib/puma/configuration.rb:225:in `call'
puma (3.10.0) lib/puma/server.rb:605:in `handle_request'
puma (3.10.0) lib/puma/server.rb:437:in `process_client'
puma (3.10.0) lib/puma/server.rb:301:in `block in run'
puma (3.10.0) lib/puma/thread_pool.rb:120:in `block in spawn_thread'
  [1m[35m (0.0ms)[0m  [1m[34mSELECT "schema_migrations"."version" FROM "schema_migrations" ORDER BY "schema_migrations"."version" ASC[0m
Migrating to AddPaperclipToPet (20171114215153)
  [1m[35m (12.0ms)[0m  [1m[35mALTER TABLE "pets" ADD "image_file_name" varchar[0m
  [1m[35m (12.0ms)[0m  [1m[35mALTER TABLE "pets" ADD "image_content_type" varchar[0m
  [1m[35m (15.7ms)[0m  [1m[35mALTER TABLE "pets" ADD "image_file_size" integer[0m
  [1m[35m (12.5ms)[0m  [1m[35mALTER TABLE "pets" ADD "image_updated_at" datetime[0m
  [1m[35m (0.0ms)[0m  [1m[36mbegin transaction[0m
  [1m[35mSQL (4.0ms)[0m  [1m[32mINSERT INTO "schema_migrations" ("version") VALUES (?)[0m  [["version", "20171114215153"]]
  [1m[35m (12.0ms)[0m  [1m[36mcommit transaction[0m
  [1m[36mActiveRecord::InternalMetadata Load (0.0ms)[0m  [1m[34mSELECT  "ar_internal_metadata".* FROM "ar_internal_metadata" WHERE "ar_internal_metadata"."key" = ? LIMIT ?[0m  [["key", "environment"], ["LIMIT", 1]]
  [1m[35m (0.0ms)[0m  [1m[36mbegin transaction[0m
  [1m[35m (0.0ms)[0m  [1m[36mcommit transaction[0m
  [1m[35m (0.0ms)[0m  [1m[34mSELECT "schema_migrations"."version" FROM "schema_migrations" ORDER BY "schema_migrations"."version" ASC[0m
  [1m[35m (0.0ms)[0m  [1m[34m            SELECT sql
            FROM sqlite_master
            WHERE name='index_shelters_on_reset_password_token' AND type='index'
            UNION ALL
            SELECT sql
            FROM sqlite_temp_master
            WHERE name='index_shelters_on_reset_password_token' AND type='index'
[0m
  [1m[35m (0.0ms)[0m  [1m[34m            SELECT sql
            FROM sqlite_master
            WHERE name='index_shelters_on_email' AND type='index'
            UNION ALL
            SELECT sql
            FROM sqlite_temp_master
            WHERE name='index_shelters_on_email' AND type='index'
[0m
  [1m[35m (0.0ms)[0m  [1m[34m            SELECT sql
            FROM sqlite_master
            WHERE name='index_users_on_reset_password_token' AND type='index'
            UNION ALL
            SELECT sql
            FROM sqlite_temp_master
            WHERE name='index_users_on_reset_password_token' AND type='index'
[0m
  [1m[35m (0.0ms)[0m  [1m[34m            SELECT sql
            FROM sqlite_master
            WHERE name='index_users_on_email' AND type='index'
            UNION ALL
            SELECT sql
            FROM sqlite_temp_master
            WHERE name='index_users_on_email' AND type='index'
[0m
  [1m[35m (0.0ms)[0m  [1m[34mSELECT "schema_migrations"."version" FROM "schema_migrations" ORDER BY "schema_migrations"."version" ASC[0m
Started GET "/pets/new" for 127.0.0.1 at 2017-11-14 13:57:02 -0800
  [1m[35m (3.9ms)[0m  [1m[34mSELECT "schema_migrations"."version" FROM "schema_migrations" ORDER BY "schema_migrations"."version" ASC[0m
Processing by PetsController#new as HTML
  Rendering pets/new.html.erb within layouts/application
  Rendered pets/new.html.erb within layouts/application (24.0ms)
Completed 500 Internal Server Error in 101ms (ActiveRecord: 0.0ms)


  
ActionView::Template::Error (undefined method `image' for nil:NilClass):
     5: 	<%= p.input :personality %>
     6: 	<%= p.label :size %>
     7: 	<%= p.select :size, [['Big','big'],['Medium','medium'],['Small','small']] %>
     8: 	<%= link_to image_tag(@pet.image.url(:med)), @pet.image.url %>
     9: 	<%= p.button :submit %>
    10: <% end %>
  
app/views/pets/new.html.erb:8:in `block in _app_views_pets_new_html_erb__751968351_96666336'
app/views/pets/new.html.erb:1:in `_app_views_pets_new_html_erb__751968351_96666336'
Started GET "/pets/new" for 127.0.0.1 at 2017-11-14 14:29:10 -0800
Processing by PetsController#new as HTML
  Rendering pets/new.html.erb within layouts/application
  Rendered pets/new.html.erb within layouts/application (276.9ms)
Completed 500 Internal Server Error in 348ms (ActiveRecord: 0.0ms)


  
ActionView::Template::Error (undefined local variable or method `form' for #<#<Class:0xb847870>:0xc39e4a8>
Did you mean?  format
               formats
               form_tag
               formats=
               form_for
               form_with
               fork):
     5: 	<%= p.input :personality %>
     6: 	<%= p.label :size %>
     7: 	<%= p.select :size, [['Big','big'],['Medium','medium'],['Small','small']] %>
     8: 	<%= form.file_field :image %>
     9: 	<%= p.button :submit %>
    10: <% end %>
  
app/views/pets/new.html.erb:8:in `block in _app_views_pets_new_html_erb__751968351_102561084'
app/views/pets/new.html.erb:1:in `_app_views_pets_new_html_erb__751968351_102561084'
Started GET "/pets/new" for 127.0.0.1 at 2017-11-14 14:29:36 -0800
Processing by PetsController#new as HTML
  Rendering pets/new.html.erb within layouts/application
  Rendered pets/new.html.erb within layouts/application (8.6ms)
Completed 200 OK in 128ms (Views: 110.0ms | ActiveRecord: 0.0ms)


Started POST "/pets/new" for 127.0.0.1 at 2017-11-14 14:30:04 -0800
Processing by PetsController#create as HTML
  Parameters: {"utf8"=>"✓", "authenticity_token"=>"VRCSzQNmHuNozIhVVvzkKG4CNypmM1Rm0dZwNb13U29nZ7Ad+R/Dq1EjaFxRhh3XPtzoDnn7K8wXCujyiDPfmQ==", "pets"=>{"name"=>"Selina", "species"=>"cat", "activity_level"=>"lazy", "personality"=>"meh", "size"=>"big", "image"=>#<ActionDispatch::Http::UploadedFile:0xc34fd58 @tempfile=#<Tempfile:C:/Users/Selina/AppData/Local/Temp/RackMultipart20171114-9392-1ny2ypq.jpg>, @original_filename="9-27 Lunar Eclipse.jpg", @content_type="image/jpeg", @headers="Content-Disposition: form-data; name=\"pets[image]\"; filename=\"9-27 Lunar Eclipse.jpg\"\r\nContent-Type: image/jpeg\r\n">}, "commit"=>"Save Pets"}
Unpermitted parameter: :image
  [1m[35m (0.0ms)[0m  [1m[36mbegin transaction[0m
  [1m[36mPet Exists (0.0ms)[0m  [1m[34mSELECT  1 AS one FROM "pets" WHERE "pets"."name" = ? LIMIT ?[0m  [["name", "Selina"], ["LIMIT", 1]]
  [1m[35mSQL (4.0ms)[0m  [1m[32mINSERT INTO "pets" ("created_at", "updated_at", "name", "activity_level", "personality", "size", "species") VALUES (?, ?, ?, ?, ?, ?, ?)[0m  [["created_at", "2017-11-14 22:30:04.768399"], ["updated_at", "2017-11-14 22:30:04.768399"], ["name", "Selina"], ["activity_level", "lazy"], ["personality", "meh"], ["size", "big"], ["species", "cat"]]
  [1m[35m (9.9ms)[0m  [1m[36mcommit transaction[0m
  [1m[35m (0.0ms)[0m  [1m[36mbegin transaction[0m
  [1m[36mPet Exists (0.5ms)[0m  [1m[34mSELECT  1 AS one FROM "pets" WHERE "pets"."name" = ? AND ("pets"."id" != ?) LIMIT ?[0m  [["name", "Selina"], ["id", 10], ["LIMIT", 1]]
  [1m[35m (0.0ms)[0m  [1m[36mcommit transaction[0m
Redirected to http://localhost:3000/
Completed 302 Found in 57ms (ActiveRecord: 14.4ms)


Started GET "/" for 127.0.0.1 at 2017-11-14 14:30:04 -0800
Processing by HomeController#index as HTML
  Rendering home/index.html.erb within layouts/application
  Rendered home/index.html.erb within layouts/application (0.0ms)
Completed 200 OK in 264ms (Views: 240.9ms | ActiveRecord: 0.0ms)


Started GET "/pets/new" for 127.0.0.1 at 2017-11-14 14:44:10 -0800
Processing by PetsController#new as HTML
  Rendering pets/new.html.erb within layouts/application
  Rendered pets/new.html.erb within layouts/application (8.0ms)
Completed 200 OK in 156ms (Views: 135.8ms)


Started GET "/" for 127.0.0.1 at 2017-11-14 14:53:47 -0800
Processing by HomeController#index as HTML
  Rendering home/index.html.erb within layouts/application
  Rendered home/index.html.erb within layouts/application (16.0ms)
Completed 500 Internal Server Error in 125ms


  
ActionView::Template::Error (undefined method `each' for nil:NilClass):
    4: <%= button_to "Shelters Log In Here", new_shelter_path, :class => "button medium", :method => :get %>
    5: 
    6: <p>Pets:
    7: 	<% @pets.each do |pet| %>
    8: 		<p><%= pet.name %></p><br />
    9: 		<%= link_to image_tag(@pet.image.url(:med)), @pet.image.url %>
   10: 	<% end %></p>
  
app/views/home/index.html.erb:7:in `_app_views_home_index_html_erb___672249318_64626516'
Started GET "/" for 127.0.0.1 at 2017-11-14 20:22:39 -0800
  [1m[35m (0.0ms)[0m  [1m[34mSELECT "schema_migrations"."version" FROM "schema_migrations" ORDER BY "schema_migrations"."version" ASC[0m
Processing by HomeController#index as HTML
  Rendering home/index.html.erb within layouts/application
  Rendered home/index.html.erb within layouts/application (25.1ms)
Completed 500 Internal Server Error in 131ms (ActiveRecord: 0.0ms)


  
ActionView::Template::Error (undefined method `each' for nil:NilClass):
    4: <%= button_to "Shelters Log In Here", new_shelter_path, :class => "button medium", :method => :get %>
    5: 
    6: <p>Pets:
    7: 	<% @pets.each do |pet| %>
    8: 		<p><%= pet.name %></p><br />
    9: 		<%= link_to image_tag(pet.image.url(:med)), pet.image.url %>
   10: 	<% end %>
  
app/views/home/index.html.erb:7:in `_app_views_home_index_html_erb___367174371_65075520'
Started GET "/" for 127.0.0.1 at 2017-11-15 14:21:57 -0800
  [1m[35m (1.0ms)[0m  [1m[34mSELECT "schema_migrations"."version" FROM "schema_migrations" ORDER BY "schema_migrations"."version" ASC[0m
Processing by HomeController#index as HTML
  Rendering home/index.html.erb within layouts/application
  [1m[36mPet Load (1.0ms)[0m  [1m[34mSELECT "pets".* FROM "pets"[0m
  Rendered home/index.html.erb within layouts/application (25.4ms)
Completed 200 OK in 475ms (Views: 430.1ms | ActiveRecord: 1.0ms)


Started GET "/images/med/missing.png" for 127.0.0.1 at 2017-11-15 14:22:11 -0800
  
ActionController::RoutingError (No route matches [GET] "/images/med/missing.png"):
  
actionpack (5.1.4) lib/action_dispatch/middleware/debug_exceptions.rb:63:in `call'
web-console (3.5.1) lib/web_console/middleware.rb:135:in `call_app'
web-console (3.5.1) lib/web_console/middleware.rb:28:in `block in call'
web-console (3.5.1) lib/web_console/middleware.rb:18:in `catch'
web-console (3.5.1) lib/web_console/middleware.rb:18:in `call'
actionpack (5.1.4) lib/action_dispatch/middleware/show_exceptions.rb:31:in `call'
railties (5.1.4) lib/rails/rack/logger.rb:36:in `call_app'
railties (5.1.4) lib/rails/rack/logger.rb:24:in `block in call'
activesupport (5.1.4) lib/active_support/tagged_logging.rb:69:in `block in tagged'
activesupport (5.1.4) lib/active_support/tagged_logging.rb:26:in `tagged'
activesupport (5.1.4) lib/active_support/tagged_logging.rb:69:in `tagged'
railties (5.1.4) lib/rails/rack/logger.rb:24:in `call'
sprockets-rails (3.2.1) lib/sprockets/rails/quiet_assets.rb:13:in `call'
actionpack (5.1.4) lib/action_dispatch/middleware/remote_ip.rb:79:in `call'
actionpack (5.1.4) lib/action_dispatch/middleware/request_id.rb:25:in `call'
rack (2.0.3) lib/rack/method_override.rb:22:in `call'
rack (2.0.3) lib/rack/runtime.rb:22:in `call'
activesupport (5.1.4) lib/active_support/cache/strategy/local_cache_middleware.rb:27:in `call'
actionpack (5.1.4) lib/action_dispatch/middleware/executor.rb:12:in `call'
actionpack (5.1.4) lib/action_dispatch/middleware/static.rb:125:in `call'
rack (2.0.3) lib/rack/sendfile.rb:111:in `call'
railties (5.1.4) lib/rails/engine.rb:522:in `call'
puma (3.10.0) lib/puma/configuration.rb:225:in `call'
puma (3.10.0) lib/puma/server.rb:605:in `handle_request'
puma (3.10.0) lib/puma/server.rb:437:in `process_client'
puma (3.10.0) lib/puma/server.rb:301:in `block in run'
puma (3.10.0) lib/puma/thread_pool.rb:120:in `block in spawn_thread'
Started GET "/images/original/missing.png" for 127.0.0.1 at 2017-11-15 14:22:23 -0800
  
ActionController::RoutingError (No route matches [GET] "/images/original/missing.png"):
  
actionpack (5.1.4) lib/action_dispatch/middleware/debug_exceptions.rb:63:in `call'
web-console (3.5.1) lib/web_console/middleware.rb:135:in `call_app'
web-console (3.5.1) lib/web_console/middleware.rb:28:in `block in call'
web-console (3.5.1) lib/web_console/middleware.rb:18:in `catch'
web-console (3.5.1) lib/web_console/middleware.rb:18:in `call'
actionpack (5.1.4) lib/action_dispatch/middleware/show_exceptions.rb:31:in `call'
railties (5.1.4) lib/rails/rack/logger.rb:36:in `call_app'
railties (5.1.4) lib/rails/rack/logger.rb:24:in `block in call'
activesupport (5.1.4) lib/active_support/tagged_logging.rb:69:in `block in tagged'
activesupport (5.1.4) lib/active_support/tagged_logging.rb:26:in `tagged'
activesupport (5.1.4) lib/active_support/tagged_logging.rb:69:in `tagged'
railties (5.1.4) lib/rails/rack/logger.rb:24:in `call'
sprockets-rails (3.2.1) lib/sprockets/rails/quiet_assets.rb:13:in `call'
actionpack (5.1.4) lib/action_dispatch/middleware/remote_ip.rb:79:in `call'
actionpack (5.1.4) lib/action_dispatch/middleware/request_id.rb:25:in `call'
rack (2.0.3) lib/rack/method_override.rb:22:in `call'
rack (2.0.3) lib/rack/runtime.rb:22:in `call'
activesupport (5.1.4) lib/active_support/cache/strategy/local_cache_middleware.rb:27:in `call'
actionpack (5.1.4) lib/action_dispatch/middleware/executor.rb:12:in `call'
actionpack (5.1.4) lib/action_dispatch/middleware/static.rb:125:in `call'
rack (2.0.3) lib/rack/sendfile.rb:111:in `call'
railties (5.1.4) lib/rails/engine.rb:522:in `call'
puma (3.10.0) lib/puma/configuration.rb:225:in `call'
puma (3.10.0) lib/puma/server.rb:605:in `handle_request'
puma (3.10.0) lib/puma/server.rb:437:in `process_client'
puma (3.10.0) lib/puma/server.rb:301:in `block in run'
puma (3.10.0) lib/puma/thread_pool.rb:120:in `block in spawn_thread'
Started GET "/pets/new" for 127.0.0.1 at 2017-11-15 14:22:55 -0800
Processing by PetsController#new as HTML
  Rendering pets/new.html.erb within layouts/application
  Rendered pets/new.html.erb within layouts/application (177.7ms)
Completed 200 OK in 418ms (Views: 378.2ms | ActiveRecord: 0.0ms)


Started POST "/pets/new" for 127.0.0.1 at 2017-11-15 14:23:23 -0800
Processing by PetsController#create as HTML
  Parameters: {"utf8"=>"✓", "authenticity_token"=>"YgAWLSNnG5fw5b0Gjt7vL+SwrDDkceMphyu10SC89aEZ44jDlkyCckdgDCZ1FVqdmBqA/5AmJTjhtyV5oPYJFw==", "pets"=>{"name"=>"s", "species"=>"cat", "activity_level"=>"lazy", "personality"=>"boring", "size"=>"big", "image"=>#<ActionDispatch::Http::UploadedFile:0xd4562c0 @tempfile=#<Tempfile:C:/Users/Selina/AppData/Local/Temp/RackMultipart20171115-2924-k7th8a.jpg>, @original_filename="9-27 Lunar Eclipse.jpg", @content_type="image/jpeg", @headers="Content-Disposition: form-data; name=\"pets[image]\"; filename=\"9-27 Lunar Eclipse.jpg\"\r\nContent-Type: image/jpeg\r\n">}, "commit"=>"Save Pets"}
Unpermitted parameter: :image
  [1m[35m (0.0ms)[0m  [1m[36mbegin transaction[0m
  [1m[36mPet Exists (1.3ms)[0m  [1m[34mSELECT  1 AS one FROM "pets" WHERE "pets"."name" = ? LIMIT ?[0m  [["name", "s"], ["LIMIT", 1]]
  [1m[35mSQL (4.0ms)[0m  [1m[32mINSERT INTO "pets" ("created_at", "updated_at", "name", "activity_level", "personality", "size", "species") VALUES (?, ?, ?, ?, ?, ?, ?)[0m  [["created_at", "2017-11-15 22:23:23.113226"], ["updated_at", "2017-11-15 22:23:23.113226"], ["name", "s"], ["activity_level", "lazy"], ["personality", "boring"], ["size", "big"], ["species", "cat"]]
  [1m[35m (10.6ms)[0m  [1m[36mcommit transaction[0m
  [1m[35m (0.0ms)[0m  [1m[36mbegin transaction[0m
  [1m[36mPet Exists (1.0ms)[0m  [1m[34mSELECT  1 AS one FROM "pets" WHERE "pets"."name" = ? AND ("pets"."id" != ?) LIMIT ?[0m  [["name", "s"], ["id", 11], ["LIMIT", 1]]
  [1m[35m (1.0ms)[0m  [1m[36mcommit transaction[0m
Redirected to http://localhost:3000/
Completed 302 Found in 67ms (ActiveRecord: 18.0ms)


Started GET "/" for 127.0.0.1 at 2017-11-15 14:23:23 -0800
Processing by HomeController#index as HTML
  Rendering home/index.html.erb within layouts/application
  [1m[36mPet Load (0.0ms)[0m  [1m[34mSELECT "pets".* FROM "pets"[0m
  Rendered home/index.html.erb within layouts/application (8.4ms)
Completed 200 OK in 326ms (Views: 262.3ms | ActiveRecord: 0.0ms)


Started GET "/images/med/missing.png" for 127.0.0.1 at 2017-11-15 14:23:23 -0800
  
ActionController::RoutingError (No route matches [GET] "/images/med/missing.png"):
  
actionpack (5.1.4) lib/action_dispatch/middleware/debug_exceptions.rb:63:in `call'
web-console (3.5.1) lib/web_console/middleware.rb:135:in `call_app'
web-console (3.5.1) lib/web_console/middleware.rb:28:in `block in call'
web-console (3.5.1) lib/web_console/middleware.rb:18:in `catch'
web-console (3.5.1) lib/web_console/middleware.rb:18:in `call'
actionpack (5.1.4) lib/action_dispatch/middleware/show_exceptions.rb:31:in `call'
railties (5.1.4) lib/rails/rack/logger.rb:36:in `call_app'
railties (5.1.4) lib/rails/rack/logger.rb:24:in `block in call'
activesupport (5.1.4) lib/active_support/tagged_logging.rb:69:in `block in tagged'
activesupport (5.1.4) lib/active_support/tagged_logging.rb:26:in `tagged'
activesupport (5.1.4) lib/active_support/tagged_logging.rb:69:in `tagged'
railties (5.1.4) lib/rails/rack/logger.rb:24:in `call'
sprockets-rails (3.2.1) lib/sprockets/rails/quiet_assets.rb:13:in `call'
actionpack (5.1.4) lib/action_dispatch/middleware/remote_ip.rb:79:in `call'
actionpack (5.1.4) lib/action_dispatch/middleware/request_id.rb:25:in `call'
rack (2.0.3) lib/rack/method_override.rb:22:in `call'
rack (2.0.3) lib/rack/runtime.rb:22:in `call'
activesupport (5.1.4) lib/active_support/cache/strategy/local_cache_middleware.rb:27:in `call'
actionpack (5.1.4) lib/action_dispatch/middleware/executor.rb:12:in `call'
actionpack (5.1.4) lib/action_dispatch/middleware/static.rb:125:in `call'
rack (2.0.3) lib/rack/sendfile.rb:111:in `call'
railties (5.1.4) lib/rails/engine.rb:522:in `call'
puma (3.10.0) lib/puma/configuration.rb:225:in `call'
puma (3.10.0) lib/puma/server.rb:605:in `handle_request'
puma (3.10.0) lib/puma/server.rb:437:in `process_client'
puma (3.10.0) lib/puma/server.rb:301:in `block in run'
puma (3.10.0) lib/puma/thread_pool.rb:120:in `block in spawn_thread'
Started GET "/images/original/missing.png" for 127.0.0.1 at 2017-11-15 14:23:42 -0800
  
ActionController::RoutingError (No route matches [GET] "/images/original/missing.png"):
  
actionpack (5.1.4) lib/action_dispatch/middleware/debug_exceptions.rb:63:in `call'
web-console (3.5.1) lib/web_console/middleware.rb:135:in `call_app'
web-console (3.5.1) lib/web_console/middleware.rb:28:in `block in call'
web-console (3.5.1) lib/web_console/middleware.rb:18:in `catch'
web-console (3.5.1) lib/web_console/middleware.rb:18:in `call'
actionpack (5.1.4) lib/action_dispatch/middleware/show_exceptions.rb:31:in `call'
railties (5.1.4) lib/rails/rack/logger.rb:36:in `call_app'
railties (5.1.4) lib/rails/rack/logger.rb:24:in `block in call'
activesupport (5.1.4) lib/active_support/tagged_logging.rb:69:in `block in tagged'
activesupport (5.1.4) lib/active_support/tagged_logging.rb:26:in `tagged'
activesupport (5.1.4) lib/active_support/tagged_logging.rb:69:in `tagged'
railties (5.1.4) lib/rails/rack/logger.rb:24:in `call'
sprockets-rails (3.2.1) lib/sprockets/rails/quiet_assets.rb:13:in `call'
actionpack (5.1.4) lib/action_dispatch/middleware/remote_ip.rb:79:in `call'
actionpack (5.1.4) lib/action_dispatch/middleware/request_id.rb:25:in `call'
rack (2.0.3) lib/rack/method_override.rb:22:in `call'
rack (2.0.3) lib/rack/runtime.rb:22:in `call'
activesupport (5.1.4) lib/active_support/cache/strategy/local_cache_middleware.rb:27:in `call'
actionpack (5.1.4) lib/action_dispatch/middleware/executor.rb:12:in `call'
actionpack (5.1.4) lib/action_dispatch/middleware/static.rb:125:in `call'
rack (2.0.3) lib/rack/sendfile.rb:111:in `call'
railties (5.1.4) lib/rails/engine.rb:522:in `call'
puma (3.10.0) lib/puma/configuration.rb:225:in `call'
puma (3.10.0) lib/puma/server.rb:605:in `handle_request'
puma (3.10.0) lib/puma/server.rb:437:in `process_client'
puma (3.10.0) lib/puma/server.rb:301:in `block in run'
puma (3.10.0) lib/puma/thread_pool.rb:120:in `block in spawn_thread'
  [1m[36mPet Load (0.0ms)[0m  [1m[34mSELECT  "pets".* FROM "pets" ORDER BY "pets"."id" DESC LIMIT ?[0m  [["LIMIT", 1]]
  [1m[36mPet Load (0.0ms)[0m  [1m[34mSELECT  "pets".* FROM "pets" ORDER BY "pets"."id" DESC LIMIT ?[0m  [["LIMIT", 1]]
Started GET "/" for 127.0.0.1 at 2017-11-15 14:36:41 -0800
Processing by HomeController#index as HTML
  Rendering home/index.html.erb within layouts/application
  [1m[36mPet Load (0.0ms)[0m  [1m[34mSELECT "pets".* FROM "pets"[0m
  Rendered home/index.html.erb within layouts/application (62.8ms)
Completed 500 Internal Server Error in 284ms (ActiveRecord: 1.1ms)


  
ActionView::Template::Error (The asset "images/dog.png" is not present in the asset pipeline.):
     6: <p>Pets:
     7: 	<% @pets.each do |pet| %>
     8: 		<p><%= pet.name %></p><br />
     9: 		<%= link_to image_tag(pet.image.url(:med)), pet.image.url %>
    10: 	<% end %>
    11: </p>
    12: 
  
app/views/home/index.html.erb:9:in `block in _app_views_home_index_html_erb__888338019_122294448'
app/views/home/index.html.erb:7:in `_app_views_home_index_html_erb__888338019_122294448'
Started GET "/" for 127.0.0.1 at 2017-11-15 14:37:16 -0800
Processing by HomeController#index as HTML
  Rendering home/index.html.erb within layouts/application
  [1m[36mPet Load (0.0ms)[0m  [1m[34mSELECT "pets".* FROM "pets"[0m
  Rendered home/index.html.erb within layouts/application (64.0ms)
Completed 500 Internal Server Error in 262ms (ActiveRecord: 0.0ms)


  
ActionView::Template::Error (The asset "assets/images/dog.png" is not present in the asset pipeline.):
     6: <p>Pets:
     7: 	<% @pets.each do |pet| %>
     8: 		<p><%= pet.name %></p><br />
     9: 		<%= link_to image_tag(pet.image.url(:med)), pet.image.url %>
    10: 	<% end %>
    11: </p>
    12: 
  
app/views/home/index.html.erb:9:in `block in _app_views_home_index_html_erb__888338019_120027828'
app/views/home/index.html.erb:7:in `_app_views_home_index_html_erb__888338019_120027828'
Started GET "/" for 127.0.0.1 at 2017-11-15 14:37:31 -0800
Processing by HomeController#index as HTML
  Rendering home/index.html.erb within layouts/application
  [1m[36mPet Load (0.0ms)[0m  [1m[34mSELECT "pets".* FROM "pets"[0m
  Rendered home/index.html.erb within layouts/application (54.5ms)
Completed 500 Internal Server Error in 241ms (ActiveRecord: 0.0ms)


  
ActionView::Template::Error (The asset "assets/images/dog.jpg" is not present in the asset pipeline.):
     6: <p>Pets:
     7: 	<% @pets.each do |pet| %>
     8: 		<p><%= pet.name %></p><br />
     9: 		<%= link_to image_tag(pet.image.url(:med)), pet.image.url %>
    10: 	<% end %>
    11: </p>
    12: 
  
app/views/home/index.html.erb:9:in `block in _app_views_home_index_html_erb__888338019_81547656'
app/views/home/index.html.erb:7:in `_app_views_home_index_html_erb__888338019_81547656'
Started GET "/" for 127.0.0.1 at 2017-11-15 14:37:54 -0800
Processing by HomeController#index as HTML
  Rendering home/index.html.erb within layouts/application
  [1m[36mPet Load (1.0ms)[0m  [1m[34mSELECT "pets".* FROM "pets"[0m
  Rendered home/index.html.erb within layouts/application (62.3ms)
Completed 500 Internal Server Error in 243ms (ActiveRecord: 3.0ms)


  
ActionView::Template::Error (The asset "images/dog.jpg" is not present in the asset pipeline.):
     6: <p>Pets:
     7: 	<% @pets.each do |pet| %>
     8: 		<p><%= pet.name %></p><br />
     9: 		<%= link_to image_tag(pet.image.url(:med)), pet.image.url %>
    10: 	<% end %>
    11: </p>
    12: 
  
app/views/home/index.html.erb:9:in `block in _app_views_home_index_html_erb__888338019_116018448'
app/views/home/index.html.erb:7:in `_app_views_home_index_html_erb__888338019_116018448'
Started GET "/" for 127.0.0.1 at 2017-11-15 14:38:15 -0800
Processing by HomeController#index as HTML
  Rendering home/index.html.erb within layouts/application
  [1m[36mPet Load (0.0ms)[0m  [1m[34mSELECT "pets".* FROM "pets"[0m
  Rendered home/index.html.erb within layouts/application (297.8ms)
Completed 200 OK in 571ms (Views: 530.2ms | ActiveRecord: 2.0ms)


Started GET "/pets/new" for 127.0.0.1 at 2017-11-15 14:38:51 -0800
Processing by PetsController#new as HTML
  Rendering pets/new.html.erb within layouts/application
  Rendered pets/new.html.erb within layouts/application (7.8ms)
Completed 200 OK in 261ms (Views: 188.4ms | ActiveRecord: 0.0ms)


Started POST "/pets/new" for 127.0.0.1 at 2017-11-15 14:39:18 -0800
Processing by PetsController#create as HTML
  Parameters: {"utf8"=>"✓", "authenticity_token"=>"23qELp4s2twc/0Bric6MKAGnRi5ClrVN0s5IWiwRUoSgmRrAKwdDOat68UtyBTmafQ1q4TbBc1y0UtjyrFuuMg==", "pets"=>{"name"=>"a", "species"=>"dog", "activity_level"=>"active", "personality"=>"a", "size"=>"big", "image"=>#<ActionDispatch::Http::UploadedFile:0x8eb96c0 @tempfile=#<Tempfile:C:/Users/Selina/AppData/Local/Temp/RackMultipart20171115-2924-1bitrw3.jpg>, @original_filename="0.jpg", @content_type="image/jpeg", @headers="Content-Disposition: form-data; name=\"pets[image]\"; filename=\"0.jpg\"\r\nContent-Type: image/jpeg\r\n">}, "commit"=>"Save Pets"}
Unpermitted parameter: :image
  [1m[35m (0.0ms)[0m  [1m[36mbegin transaction[0m
  [1m[36mPet Exists (1.0ms)[0m  [1m[34mSELECT  1 AS one FROM "pets" WHERE "pets"."name" = ? LIMIT ?[0m  [["name", "a"], ["LIMIT", 1]]
  [1m[35mSQL (4.3ms)[0m  [1m[32mINSERT INTO "pets" ("created_at", "updated_at", "name", "activity_level", "personality", "size", "species") VALUES (?, ?, ?, ?, ?, ?, ?)[0m  [["created_at", "2017-11-15 22:39:18.106453"], ["updated_at", "2017-11-15 22:39:18.106453"], ["name", "a"], ["activity_level", "active"], ["personality", "a"], ["size", "big"], ["species", "dog"]]
  [1m[35m (11.5ms)[0m  [1m[36mcommit transaction[0m
  [1m[35m (0.0ms)[0m  [1m[36mbegin transaction[0m
  [1m[36mPet Exists (0.0ms)[0m  [1m[34mSELECT  1 AS one FROM "pets" WHERE "pets"."name" = ? AND ("pets"."id" != ?) LIMIT ?[0m  [["name", "a"], ["id", 12], ["LIMIT", 1]]
  [1m[35m (0.0ms)[0m  [1m[36mcommit transaction[0m
Redirected to http://localhost:3000/
Completed 302 Found in 52ms (ActiveRecord: 16.8ms)


Started GET "/" for 127.0.0.1 at 2017-11-15 14:39:18 -0800
Processing by HomeController#index as HTML
  Rendering home/index.html.erb within layouts/application
  [1m[36mPet Load (0.0ms)[0m  [1m[34mSELECT "pets".* FROM "pets"[0m
  Rendered home/index.html.erb within layouts/application (15.8ms)
Completed 200 OK in 276ms (Views: 232.0ms | ActiveRecord: 0.0ms)


Started GET "/" for 127.0.0.1 at 2017-11-15 18:28:16 -0800
  [1m[35m (0.5ms)[0m  [1m[34mSELECT "schema_migrations"."version" FROM "schema_migrations" ORDER BY "schema_migrations"."version" ASC[0m
Processing by HomeController#index as HTML
  Rendering home/index.html.erb within layouts/application
  [1m[36mPet Load (0.5ms)[0m  [1m[34mSELECT "pets".* FROM "pets"[0m
  Rendered home/index.html.erb within layouts/application (269.2ms)
Completed 200 OK in 322ms (Views: 299.2ms | ActiveRecord: 1.7ms)


  [1m[36mPet Load (2.4ms)[0m  [1m[34mSELECT  "pets".* FROM "pets" LIMIT ?[0m  [["LIMIT", 11]]
Started GET "/" for 127.0.0.1 at 2017-11-16 00:04:24 -0800
Processing by HomeController#index as HTML
  Rendering home/index.html.erb within layouts/application
  [1m[36mPet Load (9.1ms)[0m  [1m[34mSELECT "pets".* FROM "pets"[0m
  Rendered home/index.html.erb within layouts/application (158.0ms)
Completed 200 OK in 297ms (Views: 251.6ms | ActiveRecord: 9.1ms)


Started GET "/pets/new" for 127.0.0.1 at 2017-11-16 00:04:28 -0800
Processing by PetsController#new as HTML
  Rendering pets/new.html.erb within layouts/application
  Rendered pets/new.html.erb within layouts/application (172.0ms)
Completed 200 OK in 245ms (Views: 241.4ms | ActiveRecord: 0.0ms)


Started POST "/pets/new" for 127.0.0.1 at 2017-11-16 00:05:01 -0800
Processing by PetsController#create as HTML
  Parameters: {"utf8"=>"✓", "authenticity_token"=>"FWwxgWNyJNnUpBDjIay/mLOu2VqsB11ljfEet0fmQIc2QFSJFzYPrAL72dRBt2n4/HssEHWy9N3AzooEwkaYog==", "pets"=>{"name"=>"Spot", "species"=>"Dog", "activity_level"=>"Hyper", "personality"=>"Happy", "size"=>"big", "image"=>#<ActionDispatch::Http::UploadedFile:0x007fc40b1c8050 @tempfile=#<Tempfile:/var/folders/3s/rv0hm4hj5ng9xkw5byb9z5fw0000gn/T/RackMultipart20171116-40414-14ntshj.png>, @original_filename="cal.png", @content_type="image/png", @headers="Content-Disposition: form-data; name=\"pets[image]\"; filename=\"cal.png\"\r\nContent-Type: image/png\r\n">}, "commit"=>"Save Pets"}
Unpermitted parameter: :image
  [1m[35m (0.3ms)[0m  [1m[36mbegin transaction[0m
  [1m[36mPet Exists (0.2ms)[0m  [1m[34mSELECT  1 AS one FROM "pets" WHERE "pets"."name" = ? LIMIT ?[0m  [["name", "Spot"], ["LIMIT", 1]]
  [1m[35mSQL (1.6ms)[0m  [1m[32mINSERT INTO "pets" ("created_at", "updated_at", "name", "activity_level", "personality", "size", "species") VALUES (?, ?, ?, ?, ?, ?, ?)[0m  [["created_at", "2017-11-16 08:05:01.833851"], ["updated_at", "2017-11-16 08:05:01.833851"], ["name", "Spot"], ["activity_level", "Hyper"], ["personality", "Happy"], ["size", "big"], ["species", "Dog"]]
  [1m[35m (3.0ms)[0m  [1m[36mcommit transaction[0m
  [1m[35m (0.1ms)[0m  [1m[36mbegin transaction[0m
  [1m[36mPet Exists (0.2ms)[0m  [1m[34mSELECT  1 AS one FROM "pets" WHERE "pets"."name" = ? AND ("pets"."id" != ?) LIMIT ?[0m  [["name", "Spot"], ["id", 13], ["LIMIT", 1]]
  [1m[35m (0.1ms)[0m  [1m[36mcommit transaction[0m
Redirected to http://localhost:3000/
Completed 302 Found in 29ms (ActiveRecord: 5.5ms)


Started GET "/" for 127.0.0.1 at 2017-11-16 00:05:01 -0800
Processing by HomeController#index as HTML
  Rendering home/index.html.erb within layouts/application
  [1m[36mPet Load (0.2ms)[0m  [1m[34mSELECT "pets".* FROM "pets"[0m
  Rendered home/index.html.erb within layouts/application (15.3ms)
Completed 200 OK in 56ms (Views: 53.6ms | ActiveRecord: 0.2ms)


